"../../../Engine/Content/Functions/Engine_MaterialFunctions02/Utility/BlendAngleCorrectedNormals.uasset" 0
"../../../Engine/Content/Functions/MaterialLayerFunctions/MatLayerBlend_NormalBlend.uasset" 1
"../../../Engine/Content/Functions/MaterialLayerFunctions/MatLayerBlend_Simple.uasset" 2
"../../../../../Unreal Projects/FirstPersonShooter/Content/FirstPerson/FPWeapon/Materials/MaterialLayers/T_ML_Rubber_Blue_01_D.uasset" 3
"../../../../../Unreal Projects/FirstPersonShooter/Content/FirstPerson/FPWeapon/Materials/MaterialLayers/T_ML_Rubber_Blue_01_N.uasset" 4
"../../../../../Unreal Projects/FirstPersonShooter/Content/FirstPerson/FPWeapon/Materials/MaterialLayers/ML_GlossyBlack_Latex_UE4.uasset" 5
"../../../../../Unreal Projects/FirstPersonShooter/Content/FirstPerson/FPWeapon/Materials/MaterialLayers/ML_Plastic_Shiny_Beige.uasset" 6
"../../../../../Unreal Projects/FirstPersonShooter/Content/FirstPerson/FPWeapon/Materials/MaterialLayers/ML_Screen.uasset" 7
"../../../../../Unreal Projects/FirstPersonShooter/Content/FirstPerson/FPWeapon/Materials/MaterialLayers/T_ML_Aluminum01.uasset" 8
"../../../../../Unreal Projects/FirstPersonShooter/Content/FirstPerson/FPWeapon/Materials/MaterialLayers/T_ML_Aluminum01_N.uasset" 9
"../../../../../Unreal Projects/FirstPersonShooter/Content/FirstPerson/FPWeapon/Materials/MaterialLayers/ML_SoftMetal_UE4.uasset" 10
"../../../../../Unreal Projects/FirstPersonShooter/Content/FirstPerson/FPWeapon/Textures/T_FPGun_M.uasset" 11
"../../../../../Unreal Projects/FirstPersonShooter/Content/FirstPerson/FPWeapon/Textures/T_FPGun_N.uasset" 12
"../../../../../Unreal Projects/FirstPersonShooter/Content/FirstPerson/FPWeapon/Materials/M_FPGun.uasset" 13
"../../../../../Unreal Projects/FirstPersonShooter/Content/FirstPerson/FPWeapon/Mesh/SK_FPGun_Skeleton.uasset" 14
"../../../../../Unreal Projects/FirstPersonShooter/Content/FirstPerson/FPWeapon/Mesh/SK_FPGun.uasset" 15
"../../../../../Unreal Projects/FirstPersonShooter/Content/Blueprints/DataStreamTest.uasset" 16
"../../../../../Unreal Projects/FirstPersonShooter/Content/FirstPerson/Character/Textures/UE4_LOGO_CARD.uasset" 17
"../../../../../Unreal Projects/FirstPersonShooter/Content/FirstPerson/FPWeapon/Materials/MaterialLayers/ML_Plastic_Shiny_Beige_LOGO.uasset" 18
"../../../../../Unreal Projects/FirstPersonShooter/Content/FirstPerson/FPWeapon/Materials/MaterialLayers/T_ML_FineRubber.uasset" 19
"../../../../../Unreal Projects/FirstPersonShooter/Content/FirstPerson/FPWeapon/Mesh/SK_FPGun_PhysicsAsset.uasset" 20
"../../../../../Unreal Projects/FirstPersonShooter/Content/FirstPerson/Textures/FirstPersonCrosshair.uasset" 21
"../../../../../Unreal Projects/FirstPersonShooter/Content/Mannequin/Character/Mesh/UE4_Mannequin_Skeleton.uasset" 22
"../../../../../Unreal Projects/FirstPersonShooter/Content/Mannequin/Animations/ThirdPersonJump_End.uasset" 23
"../../../Engine/Content/Functions/Engine_MaterialFunctions01/Opacity/CameraDepthFade.uasset" 24
"../../../Engine/Content/EngineMaterials/T_Default_Material_Grid_M.uasset" 25
"../../../Engine/Content/EngineMaterials/T_Default_Material_Grid_N.uasset" 26
"../../../Engine/Content/EngineMaterials/WorldGridMaterial.uasset" 27
"../../../Engine/Content/ArtTools/RenderToTexture/Meshes/S_1_Unit_Plane.uasset" 28
"../../../Engine/Content/EngineMaterials/DefaultMaterial.uasset" 29
"../../../Engine/Content/BasicShapes/Cone.uasset" 30
"../../../Engine/Content/BasicShapes/Cube.uasset" 31
"../../../Engine/Content/BasicShapes/Cylinder.uasset" 32
"../../../Engine/Content/BasicShapes/Plane.uasset" 33
"../../../Engine/Content/BasicShapes/Sphere.uasset" 34
"../../../Engine/Content/EditorLandscapeResources/DataLayer.uasset" 35
"../../../Engine/Content/EditorMaterials/GizmoMaterial.uasset" 36
"../../../Engine/Content/EditorMaterials/MAT_Groups_Toggle.uasset" 37
"../../../Engine/Content/EditorMaterials/MAT_Groups_Visibility.uasset" 38
"../../../Engine/Content/EditorMaterials/PreviewShadowIndicator.uasset" 39
"../../../Engine/Content/EditorMaterials/PreviewShadowIndicatorMaterial.uasset" 40
"../../../Engine/Content/EditorMaterials/MatineeGroups/MAT_ColorTrack.uasset" 41
"../../../Engine/Content/EditorMaterials/MatineeGroups/MAT_Groups_Anim.uasset" 42
"../../../Engine/Content/EditorMaterials/MatineeGroups/MAT_Groups_AudioMaster.uasset" 43
"../../../Engine/Content/EditorMaterials/MatineeGroups/MAT_Groups_Director.uasset" 44
"../../../Engine/Content/EditorMaterials/MatineeGroups/MAT_Groups_Event.uasset" 45
"../../../Engine/Content/EditorMaterials/MatineeGroups/MAT_Groups_Fade.uasset" 46
"../../../Engine/Content/EditorMaterials/MatineeGroups/MAT_Groups_Float.uasset" 47
"../../../Engine/Content/EditorMaterials/MatineeGroups/MAT_Groups_Move.uasset" 48
"../../../Engine/Content/EditorMaterials/MatineeGroups/MAT_Groups_Slomo.uasset" 49
"../../../Engine/Content/EditorMaterials/MatineeGroups/MAT_Groups_Sound.uasset" 50
"../../../Engine/Content/EditorMaterials/MatineeGroups/MAT_Groups_Vector.uasset" 51
"../../../Engine/Content/EditorMaterials/ParticleSystems/PSysThumbnail_NoImage.uasset" 52
"../../../Engine/Content/EditorMaterials/ParticleSystems/PSysThumbnail_OOD.uasset" 53
"../../../Engine/Content/EditorMaterials/Camera/CineMat.uasset" 54
"../../../Engine/Content/EditorMaterials/Camera/MI_CineMat_Rig.uasset" 55
"../../../Engine/Content/EditorMeshes/Camera/SM_CraneRig_Arm.uasset" 56
"../../../Engine/Content/EditorMeshes/Camera/SM_CraneRig_Base.uasset" 57
"../../../Engine/Content/EditorMeshes/Camera/SM_CraneRig_Body.uasset" 58
"../../../Engine/Content/EditorMeshes/Camera/SM_CraneRig_Mount.uasset" 59
"../../../Engine/Content/EditorMeshes/Camera/SM_RailRig_Mount.uasset" 60
"../../../Engine/Content/EditorMeshes/Camera/SM_RailRig_Track.uasset" 61
"../../../Engine/Content/EditorResources/BSPVertex.uasset" 62
"../../../Engine/Content/EditorResources/EmptyActor.uasset" 63
"../../../Engine/Content/EditorResources/S_Actor.uasset" 64
"../../../Engine/Content/EditorResources/S_Trigger.uasset" 65
"../../../Engine/Content/EditorResources/AudioIcons/S_AudioComponent.uasset" 66
"../../../Engine/Content/EditorResources/AudioIcons/S_AudioComponent_AutoActivate.uasset" 67
"../../../Engine/Content/EditorResources/LightIcons/S_LightError.uasset" 68
"../../../Engine/Content/EditorResources/SequenceRecorder/Countdown.uasset" 69
"../../../Engine/Content/EditorResources/SequenceRecorder/RecordingIndicator.uasset" 70
"../../../Engine/Content/EditorSounds/Notifications/CompileFailed.uasset" 71
"../../../Engine/Content/EditorSounds/Notifications/CompileFailed_Cue.uasset" 72
"../../../Engine/Content/EditorSounds/Notifications/CompileSuccess.uasset" 73
"../../../Engine/Content/EditorSounds/Notifications/CompileStart_Cue.uasset" 74
"../../../Engine/Content/EditorSounds/Notifications/CompileSuccess_Cue.uasset" 75
"../../../Engine/Content/EngineDamageTypes/DmgTypeBP_Environmental.uasset" 76
"../../../Engine/Content/EngineDebugMaterials/HeatmapGradient.uasset" 77
"../../../Engine/Content/EngineDebugMaterials/BoneWeightMaterial.uasset" 78
"../../../Engine/Content/EngineDebugMaterials/ClothMaterial.uasset" 79
"../../../Engine/Content/EngineDebugMaterials/ClothMaterial_WF.uasset" 80
"../../../Engine/Content/EngineDebugMaterials/DebugEditorMaterial.uasset" 81
"../../../Engine/Content/EngineDebugMaterials/DebugMeshMaterial.uasset" 82
"../../../Engine/Content/EngineDebugMaterials/GeomMaterial.uasset" 83
"../../../Engine/Content/EngineDebugMaterials/M_SimpleTranslucent.uasset" 84
"../../../Engine/Content/EngineFonts/Faces/RobotoBold.uasset" 85
"../../../Engine/Content/EngineFonts/Faces/RobotoBoldItalic.uasset" 86
"../../../Engine/Content/EngineFonts/Faces/RobotoItalic.uasset" 87
"../../../Engine/Content/EngineFonts/Faces/RobotoLight.uasset" 88
"../../../Engine/Content/EngineFonts/Faces/RobotoRegular.uasset" 89
"../../../Engine/Content/EngineFonts/Roboto.uasset" 90
"../../../Engine/Content/EngineFonts/Faces/RobotoTiny.uasset" 91
"../../../Engine/Content/EngineFonts/RobotoTiny.uasset" 92
"../../../Engine/Content/EngineMaterials/BaseFlattenDiffuseMap.uasset" 93
"../../../Engine/Content/EngineMaterials/BaseFlattenEmissiveMap.uasset" 94
"../../../Engine/Content/EngineMaterials/BaseFlattenGrayscaleMap.uasset" 95
"../../../Engine/Content/EngineMaterials/BaseFlattenNormalMap.uasset" 96
"../../../Engine/Content/EngineMaterials/BaseFlattenMaterial.uasset" 97
"../../../Engine/Content/EngineMaterials/DefaultBloomKernel.uasset" 98
"../../../Engine/Content/EngineMaterials/DefaultBokeh.uasset" 99
"../../../Engine/Content/EngineMaterials/DefaultDiffuse.uasset" 100
"../../../Engine/Content/EngineMaterials/DefaultDeferredDecalMaterial.uasset" 101
"../../../Engine/Content/EngineMaterials/DefaultLightFunctionMaterial.uasset" 102
"../../../Engine/Content/EngineMaterials/DefaultPhysicalMaterial.uasset" 103
"../../../Engine/Content/Functions/Engine_MaterialFunctions02/Utility/BreakOutFloat2Components.uasset" 104
"../../../Engine/Content/EngineMaterials/DefaultPostProcessMaterial.uasset" 105
"../../../Engine/Content/EngineFonts/RobotoDistanceField.uasset" 106
"../../../Engine/Content/EngineMaterials/DefaultTextMaterialOpaque.uasset" 107
"../../../Engine/Content/EngineMaterials/DefaultWhiteGrid.uasset" 108
"../../../Engine/Content/EngineMaterials/EditorBrushMaterial.uasset" 109
"../../../Engine/Content/EngineMaterials/Good64x64TilingNoiseHighFreq.uasset" 110
"../../../Engine/Content/EngineMaterials/MiniFont.uasset" 111
"../../../Engine/Content/EngineMaterials/InvalidLightmapSettings.uasset" 112
"../../../Engine/Content/EngineMaterials/M_InvalidLightmapSettings.uasset" 113
"../../../Engine/Content/Functions/Engine_MaterialFunctions02/WorldPositionOffset/CameraOffset.uasset" 114
"../../../Engine/Content/EngineMaterials/PhAT_JointLimitMaterial.uasset" 115
"../../../Engine/Content/EngineMaterials/PreintegratedSkinBRDF.uasset" 116
"../../../Engine/Content/EngineMaterials/RemoveSurfaceMaterial.uasset" 117
"../../../Engine/Content/EngineMaterials/WeightMapPlaceholderTexture.uasset" 118
"../../../Engine/Content/EngineResources/WhiteSquareTexture.uasset" 119
"../../../Engine/Content/EngineMaterials/Widget3DPassThrough.uasset" 120
"../../../Engine/Content/EngineMaterials/Widget3DPassThrough_Masked.uasset" 121
"../../../Engine/Content/EngineMaterials/Widget3DPassThrough_Opaque.uasset" 122
"../../../Engine/Content/EngineMaterials/Widget3DPassThrough_Masked_OneSided.uasset" 123
"../../../Engine/Content/EngineMaterials/Widget3DPassThrough_Opaque_OneSided.uasset" 124
"../../../Engine/Content/EngineMaterials/Widget3DPassThrough_Translucent.uasset" 125
"../../../Engine/Content/EngineMaterials/Widget3DPassThrough_Translucent_OneSided.uasset" 126
"../../../Engine/Content/EngineMeshes/Cube.uasset" 127
"../../../Engine/Content/EngineMeshes/Cylinder.uasset" 128
"../../../Engine/Content/EngineMeshes/Sphere.uasset" 129
"../../../Engine/Content/EngineResources/Black.uasset" 130
"../../../Engine/Content/EngineResources/DefaultTexture.uasset" 131
"../../../Engine/Content/EngineResources/DefaultTextureCube.uasset" 132
"../../../Engine/Content/EngineResources/DefaultVolumeTexture2D.uasset" 133
"../../../Engine/Content/EngineResources/DefaultVolumeTexture.uasset" 134
"../../../Engine/Content/EngineResources/GradientTexture0.uasset" 135
"../../../Engine/Content/EngineSounds/Master.uasset" 136
"../../../Engine/Content/Functions/Engine_MaterialFunctions01/Shading/ConvertFromDiffSpec.uasset" 137
"../../../Engine/Content/Functions/Engine_MaterialFunctions01/Shading/PowerToRoughness.uasset" 138
"../../../Engine/Content/Maps/Templates/Thumbnails/Default.uasset" 139
"../../../Engine/Content/Maps/Templates/Thumbnails/VR-Basic.uasset" 140
"../../../Engine/Content/MobileResources/T_MobileControls_texture.uasset" 141
"../../../Engine/Content/MobileResources/T_MobileMenu2.uasset" 142
"../../../Engine/Content/MobileResources/HUD/AnalogHat.uasset" 143
"../../../Engine/Content/MobileResources/HUD/VirtualJoystick_Background.uasset" 144
"../../../Engine/Content/MobileResources/HUD/VirtualJoystick_Thumb.uasset" 145
"../../../Engine/Content/MobileResources/HUD/DefaultVirtualJoysticks.uasset" 146
"../../../Engine/Content/MobileResources/HUD/LeftVirtualJoystickOnly.uasset" 147
"../../../Engine/Content/MobileResources/HUD/MobileHUDButton1_off.uasset" 148
"../../../Engine/Content/MobileResources/HUD/MobileHUDButton1_on.uasset" 149
"../../../Engine/Content/MobileResources/HUD/MobileHUDButton2_off.uasset" 150
"../../../Engine/Content/MobileResources/HUD/MobileHUDButton2_on.uasset" 151
"../../../Engine/Content/MobileResources/HUD/MobileHUDButton3.uasset" 152
"../../../Engine/Content/MobileResources/HUD/MobileHUDButtonFire.uasset" 153
"../../../Engine/Content/MobileResources/HUD/MobileHUDDirectionPad.uasset" 154
"../../../Engine/Content/MobileResources/HUD/MobileHUDDirectionPad2.uasset" 155
"../../../Engine/Content/MobileResources/HUD/MobileHUDDirectionPad3.uasset" 156
"../../../Engine/Content/MobileResources/HUD/MobileHUDDirectionStick.uasset" 157
"../../../Engine/Content/MobileResources/HUD/T_Castle_ThumbstickInner.uasset" 158
"../../../Engine/Content/MobileResources/HUD/T_Castle_ThumbstickOutter.uasset" 159
"../../../Engine/Content/Tutorial/ContentIntroCurve.uasset" 160
"../../../Engine/Content/Tutorial/Basics/TutorialAssets/CameraActor_64x.uasset" 161
"../../../Engine/Content/Tutorial/Basics/TutorialAssets/icon_tab_Levels_40x.uasset" 162
"../../../Engine/Content/Tutorial/BlueprintTutorials/TutorialAssets/BlueprintMacroLibrary_64x.uasset" 163
"../../../Engine/Content/Tutorial/BlueprintTutorials/TutorialAssets/Blueprint_64x.uasset" 164
"../../../Engine/Content/Tutorial/Landscape/TutorialAssets/Landscape.uasset" 165
"../../../Engine/Content/Tutorial/SubEditors/TutorialAssets/T_SmokeSubUV_8X8.uasset" 166
"../../../Engine/Content/Tutorial/SubEditors/TutorialAssets/T_soft_smoke.uasset" 167
"../../../Engine/Content/Tutorial/SubEditors/TutorialAssets/M_smoke_subUV_blackbody.uasset" 168
"../../../Engine/Content/Tutorial/SubEditors/TutorialAssets/TutorialParticleSystem.uasset" 169
"../../../Engine/Content/VREditor/LaserPointer/VR_LaserPower_01.uasset" 170
"../../../Engine/Content/VREditor/TransformGizmo/TransformGizmoMaterial.uasset" 171
"../../../Engine/Content/VREditor/TransformGizmo/TranslucentTransformGizmoMaterial.uasset" 172
"../../../Engine/Content/VREditor/TransformGizmo/BoundingBoxCorner.uasset" 173
"../../../Engine/Content/VREditor/TransformGizmo/BoundingBoxEdge.uasset" 174
"../../../Engine/Content/VREditor/TransformGizmo/PlaneTranslationHandle.uasset" 175
"../../../Engine/Content/VREditor/TransformGizmo/Main.uasset" 176
"../../../Engine/Content/VREditor/TransformGizmo/Xray.uasset" 177
"../../../Engine/Content/VREditor/TransformGizmo/SM_Sequencer_Key.uasset" 178
"../../../Engine/Content/VREditor/TransformGizmo/SM_Sequencer_Node.uasset" 179
"../../Plugins/2D/Paper2D/Content/PlaceholderTextures/DummySpriteTexture.uasset" 180
"../../Plugins/2D/Paper2D/Content/DummySprite.uasset" 181
"../../Plugins/2D/Paper2D/Content/DefaultPaperTerrainMaterial.uasset" 182
"../../Plugins/2D/Paper2D/Content/DefaultSpriteMaterial.uasset" 183
"../../Plugins/2D/Paper2D/Content/MaskedUnlitSpriteMaterial.uasset" 184
"../../Plugins/2D/Paper2D/Content/OpaqueUnlitSpriteMaterial.uasset" 185
"../../Plugins/Runtime/Oculus/OculusVR/Content/Materials/PokeAHoleMaterial.uasset" 186
"../../Plugins/Runtime/Oculus/OculusVR/Content/Textures/GearVRController_AO.uasset" 187
"../../Plugins/Runtime/Oculus/OculusVR/Content/Textures/GearVRController_Color.uasset" 188
"../../Plugins/Runtime/Oculus/OculusVR/Content/Textures/GearVRController_Normal.uasset" 189
"../../Plugins/Runtime/Oculus/OculusVR/Content/Materials/GearVRControllerMaterial.uasset" 190
"../../Plugins/Runtime/Oculus/OculusVR/Content/Meshes/GearVrController.uasset" 191
"../../Plugins/Runtime/Oculus/OculusVR/Content/Textures/touchController_albedo.uasset" 192
"../../Plugins/Runtime/Oculus/OculusVR/Content/Textures/touchController_controlmap.uasset" 193
"../../Plugins/Runtime/Oculus/OculusVR/Content/Materials/touchController_mat.uasset" 194
"../../Plugins/Runtime/Oculus/OculusVR/Content/Meshes/LeftTouchController.uasset" 195
"../../Plugins/Runtime/Oculus/OculusVR/Content/Meshes/RiftHMD.uasset" 196
"../../Plugins/Runtime/Oculus/OculusVR/Content/Meshes/RightTouchController.uasset" 197
"../../../Engine/Content/EditorBlueprintResources/StandardMacros.uasset" 198
"../../../../../Unreal Projects/FirstPersonShooter/Content/Assets/Materials/M_TextMaterial_Opaque_Emissive.uasset" 199
"../../../../../Unreal Projects/FirstPersonShooter/Content/Assets/Audio/Blueprints_TextPop01.uasset" 200
"../../../../../Unreal Projects/FirstPersonShooter/Content/Assets/Audio/Blueprints_TextPop03.uasset" 201
"../../../../../Unreal Projects/FirstPersonShooter/Content/Assets/Audio/Text_Pop.uasset" 202
"../../../../../Unreal Projects/FirstPersonShooter/Content/Assets/Audio/Text_Pop_Cue.uasset" 203
"../../../../../Unreal Projects/FirstPersonShooter/Content/Assets/Textures/T_Effect_Ring.uasset" 204
"../../../../../Unreal Projects/FirstPersonShooter/Content/Assets/Materials/M_Particle_Effect_Ring.uasset" 205
"../../../../../Unreal Projects/FirstPersonShooter/Content/Assets/Effects/P_Pulse_Ring.uasset" 206
"../../../Engine/Content/EngineVolumetrics/Fogsheet/Materials/T_EV_FogSheet_Falloff_02.uasset" 207
"../../../../../Unreal Projects/FirstPersonShooter/Content/Assets/Materials/M_TextBox_Background_Color.uasset" 208
"../../../../../Unreal Projects/FirstPersonShooter/Content/Assets/Mesh/S_TextBox_Border_Background.uasset" 209
"../../../../../Unreal Projects/FirstPersonShooter/Content/Assets/Materials/M_TextBox_Color.uasset" 210
"../../../../../Unreal Projects/FirstPersonShooter/Content/Assets/Materials/M_TextBox_Background_Color_Edge_Inst.uasset" 211
"../../../../../Unreal Projects/FirstPersonShooter/Content/Assets/Mesh/S_TextBox_Border_Corner.uasset" 212
"../../../../../Unreal Projects/FirstPersonShooter/Content/Assets/Mesh/S_TextBox_Border_Segment.uasset" 213
"../../../../../Unreal Projects/FirstPersonShooter/Content/Assets/Textures/T_TextBox_Icon_M.uasset" 214
"../../../../../Unreal Projects/FirstPersonShooter/Content/Assets/Materials/M_TextBox_Icon_Info.uasset" 215
"../../../../../Unreal Projects/FirstPersonShooter/Content/Assets/Mesh/S_TextBox_Icon_Info.uasset" 216
"../../../../../Unreal Projects/FirstPersonShooter/Content/Assets/Blueprints/BP_Commentary_Box.uasset" 217
"../../../../../Unreal Projects/FirstPersonShooter/Content/Mannequin/Animations/ThirdPerson_Jump.uasset" 218
"../../../../../Unreal Projects/FirstPersonShooter/Content/Mannequin/Animations/ThirdPersonJump_Loop.uasset" 219
"../../../../../Unreal Projects/FirstPersonShooter/Content/Mannequin/Animations/ThirdPersonJump_Start.uasset" 220
"../../../../../Unreal Projects/FirstPersonShooter/Content/Mannequin/Animations/ThirdPersonIdle.uasset" 221
"../../../../../Unreal Projects/FirstPersonShooter/Content/Mannequin/Animations/ThirdPersonRun.uasset" 222
"../../../../../Unreal Projects/FirstPersonShooter/Content/Mannequin/Animations/ThirdPersonWalk.uasset" 223
"../../../../../Unreal Projects/FirstPersonShooter/Content/Mannequin/Animations/ThirdPerson_IdleRun_2D.uasset" 224
"../../../../../Unreal Projects/FirstPersonShooter/Content/Mannequin/Animations/ThirdPerson_AnimBP.uasset" 225
"../../../../../Unreal Projects/FirstPersonShooter/Content/PatrolData.uasset" 226
"../../../../../Unreal Projects/FirstPersonShooter/Content/ChooseNextWaypoint_BP.uasset" 227
"../../../../../Unreal Projects/FirstPersonShooter/Content/Patrol.uasset" 228
"../../../../../Unreal Projects/FirstPersonShooter/Content/Blueprints/TP_AI_Controller_BP.uasset" 229
"../../../../../Unreal Projects/FirstPersonShooter/Content/Mannequin/Character/Materials/MaterialLayers/T_ML_Rubber_Blue_01_D.uasset" 230
"../../../../../Unreal Projects/FirstPersonShooter/Content/Mannequin/Character/Materials/MaterialLayers/T_ML_Rubber_Blue_01_N.uasset" 231
"../../../../../Unreal Projects/FirstPersonShooter/Content/Mannequin/Character/Materials/MaterialLayers/ML_GlossyBlack_Latex_UE4.uasset" 232
"../../../../../Unreal Projects/FirstPersonShooter/Content/Mannequin/Character/Materials/MaterialLayers/ML_Plastic_Shiny_Beige.uasset" 233
"../../../../../Unreal Projects/FirstPersonShooter/Content/Mannequin/Character/Textures/UE4_LOGO_CARD.uasset" 234
"../../../../../Unreal Projects/FirstPersonShooter/Content/Mannequin/Character/Materials/MaterialLayers/ML_Plastic_Shiny_Beige_LOGO.uasset" 235
"../../../../../Unreal Projects/FirstPersonShooter/Content/Mannequin/Character/Materials/MaterialLayers/T_ML_Aluminum01.uasset" 236
"../../../../../Unreal Projects/FirstPersonShooter/Content/Mannequin/Character/Materials/MaterialLayers/T_ML_Aluminum01_N.uasset" 237
"../../../../../Unreal Projects/FirstPersonShooter/Content/Mannequin/Character/Materials/MaterialLayers/ML_SoftMetal_UE4.uasset" 238
"../../../../../Unreal Projects/FirstPersonShooter/Content/Mannequin/Character/Textures/UE4_Mannequin__normals.uasset" 239
"../../../../../Unreal Projects/FirstPersonShooter/Content/Mannequin/Character/Textures/UE4_Mannequin_MAT_MASKA.uasset" 240
"../../../../../Unreal Projects/FirstPersonShooter/Content/Mannequin/Character/Materials/M_UE4Man_Body.uasset" 241
"../../../../../Unreal Projects/FirstPersonShooter/Content/Mannequin/Character/Textures/UE4Man_Logo_N.uasset" 242
"../../../../../Unreal Projects/FirstPersonShooter/Content/Mannequin/Character/Materials/M_UE4Man_ChestLogo.uasset" 243
"../../../../../Unreal Projects/FirstPersonShooter/Content/Mannequin/Character/Mesh/SK_Mannequin_PhysicsAsset.uasset" 244
"../../../../../Unreal Projects/FirstPersonShooter/Content/Mannequin/Character/Mesh/SK_Mannequin.uasset" 245
"../../../../../Unreal Projects/FirstPersonShooter/Content/ThirdPersonCPP/Blueprints/ThirdPersonCharacter.uasset" 246
"../../../../../Unreal Projects/FirstPersonShooter/Content/Assets/Materials/M_Emissive.uasset" 247
"../../../../../Unreal Projects/FirstPersonShooter/Content/Assets/Materials/M_Emissive_Flicker.uasset" 248
"../../../Engine/Content/EngineLightProfiles/180Degree_IES.uasset" 249
"../../../Engine/Content/Functions/MaterialLayerFunctions/MatLayerBlend_AO.uasset" 250
"../../../Engine/Content/Functions/MaterialLayerFunctions/MatLayerBlend_BakedNormal.uasset" 251
"../../../Engine/Content/Functions/MaterialLayerFunctions/MatLayerBlend_Stain.uasset" 252
"../../../Engine/Content/Functions/MaterialLayerFunctions/MatLayerBlend_Standard.uasset" 253
"../../../../../Unreal Projects/FirstPersonShooter/Content/Assets/Textures/T_Grime_D.uasset" 254
"../../../../../Unreal Projects/FirstPersonShooter/Content/Assets/Textures/T_Grime_N.uasset" 255
"../../../../../Unreal Projects/FirstPersonShooter/Content/Assets/Material_Layers/ML_Grime01.uasset" 256
"../../../../../Unreal Projects/FirstPersonShooter/Content/Assets/Textures/T_Base_Metal_Light_D.uasset" 257
"../../../../../Unreal Projects/FirstPersonShooter/Content/Assets/Textures/T_Base_Metal_Light_N.uasset" 258
"../../../../../Unreal Projects/FirstPersonShooter/Content/Assets/Material_Layers/ML_Metal_Base_01.uasset" 259
"../../../../../Unreal Projects/FirstPersonShooter/Content/Assets/Textures/T_Metal_Painted01_D.uasset" 260
"../../../../../Unreal Projects/FirstPersonShooter/Content/Assets/Textures/T_Metal_Painted01_N.uasset" 261
"../../../../../Unreal Projects/FirstPersonShooter/Content/Assets/Material_Layers/ML_Metal_Painted_01_Dull.uasset" 262
"../../../../../Unreal Projects/FirstPersonShooter/Content/Assets/Textures/T_Rust_D.uasset" 263
"../../../../../Unreal Projects/FirstPersonShooter/Content/Assets/Textures/T_Rust_N.uasset" 264
"../../../../../Unreal Projects/FirstPersonShooter/Content/Assets/Material_Layers/ML_Rust.uasset" 265
"../../../../../Unreal Projects/FirstPersonShooter/Content/Assets/Materials/MatLayer_FeatureLevelSwithc.uasset" 266
"../../../../../Unreal Projects/FirstPersonShooter/Content/Assets/Textures/T_Light_Fluorescent_M.uasset" 267
"../../../../../Unreal Projects/FirstPersonShooter/Content/Assets/Textures/T_Light_Fluorescent_N.uasset" 268
"../../../../../Unreal Projects/FirstPersonShooter/Content/Assets/Materials/M_Light_Flourescent.uasset" 269
"../../../../../Unreal Projects/FirstPersonShooter/Content/Assets/Materials/M_Rubber.uasset" 270
"../../../../../Unreal Projects/FirstPersonShooter/Content/Assets/Materials/Emissive.uasset" 271
"../../../../../Unreal Projects/FirstPersonShooter/Content/Assets/Materials/Emissive_Inst2.uasset" 272
"../../../../../Unreal Projects/FirstPersonShooter/Content/Assets/Mesh/SM_Light_Fluorescent_Hanging_02.uasset" 273
"../../../../../Unreal Projects/FirstPersonShooter/Content/Assets/Blueprints/BP_LightBuzzSoundControl.uasset" 274
"../../../../../Unreal Projects/FirstPersonShooter/Content/Maps/Reflections_BuiltData.uasset" 275
"../../../../../Unreal Projects/FirstPersonShooter/Content/Assets/Textures/T_Concrete_2_D.uasset" 276
"../../../../../Unreal Projects/FirstPersonShooter/Content/Assets/Materials/Grey.uasset" 277
"../../../../../Unreal Projects/FirstPersonShooter/Content/Assets/Material_Layers/ML_Mirror_Grunge.uasset" 278
"../../../../../Unreal Projects/FirstPersonShooter/Content/Assets/Textures/T_Clamp01_M.uasset" 279
"../../../../../Unreal Projects/FirstPersonShooter/Content/Assets/Materials/M_Base_Pipe.uasset" 280
"../../../../../Unreal Projects/FirstPersonShooter/Content/Assets/Textures/T_WaterTextures_M.uasset" 281
"../../../../../Unreal Projects/FirstPersonShooter/Content/Assets/Material_Layers/MF_BlendAlpha_Vertex.uasset" 282
"../../../../../Unreal Projects/FirstPersonShooter/Content/Assets/Textures/T_Concrete_Wall01_D.uasset" 283
"../../../../../Unreal Projects/FirstPersonShooter/Content/Assets/Textures/T_Concrete_Wall01_N.uasset" 284
"../../../../../Unreal Projects/FirstPersonShooter/Content/Assets/Material_Layers/ML_Concrete_Wall01.uasset" 285
"../../../../../Unreal Projects/FirstPersonShooter/Content/Assets/Textures/T_Plaster02_D.uasset" 286
"../../../../../Unreal Projects/FirstPersonShooter/Content/Assets/Textures/T_Plaster02_N.uasset" 287
"../../../../../Unreal Projects/FirstPersonShooter/Content/Assets/Material_Layers/ML_Plaster02.uasset" 288
"../../../../../Unreal Projects/FirstPersonShooter/Content/Assets/Materials/M_Ceiling_Mesh_Paint.uasset" 289
"../../../../../Unreal Projects/FirstPersonShooter/Content/Assets/Textures/T_Decals_D.uasset" 290
"../../../../../Unreal Projects/FirstPersonShooter/Content/Assets/Materials/M_Decals_MASTER.uasset" 291
"../../../Engine/Content/Functions/Engine_MaterialFunctions03/Procedurals/PerturbNormalHQ.uasset" 292
"../../../Engine/Content/Functions/Engine_MaterialFunctions03/Procedurals/PreparePerturbNormalHQ.uasset" 293
"../../../../../Unreal Projects/FirstPersonShooter/Content/Assets/Material_Layers/MF_BumpMapping.uasset" 294
"../../../../../Unreal Projects/FirstPersonShooter/Content/Assets/Textures/T_Environment_Materials_Wet_TilingFlow02_N.uasset" 295
"../../../../../Unreal Projects/FirstPersonShooter/Content/Assets/Material_Layers/MF_GroundWetness.uasset" 296
"../../../../../Unreal Projects/FirstPersonShooter/Content/Assets/Textures/T_Floor_Tiles_D.uasset" 297
"../../../../../Unreal Projects/FirstPersonShooter/Content/Assets/Textures/T_Floor_Tiles_N.uasset" 298
"../../../../../Unreal Projects/FirstPersonShooter/Content/Assets/Material_Layers/ML_Floor_Tile.uasset" 299
"../../../../../Unreal Projects/FirstPersonShooter/Content/Assets/Materials/M_Floor_Water_Mesh_Paint.uasset" 300
"../../../../../Unreal Projects/FirstPersonShooter/Content/Assets/Materials/M_Lightbulb.uasset" 301
"../../../../../Unreal Projects/FirstPersonShooter/Content/Assets/Textures/T_Hallway_Signs_D.uasset" 302
"../../../../../Unreal Projects/FirstPersonShooter/Content/Assets/Materials/M_Signs.uasset" 303
"../../../../../Unreal Projects/FirstPersonShooter/Content/Assets/Textures/T_Reflection_Tiles_Broken_D.uasset" 304
"../../../../../Unreal Projects/FirstPersonShooter/Content/Assets/Textures/T_Reflection_Tiles_Broken_N.uasset" 305
"../../../../../Unreal Projects/FirstPersonShooter/Content/Assets/Textures/T_Reflection_Tiles_M.uasset" 306
"../../../../../Unreal Projects/FirstPersonShooter/Content/Assets/Material_Layers/ML_Tiles_Broken.uasset" 307
"../../../../../Unreal Projects/FirstPersonShooter/Content/Assets/Textures/T_Reflection_Tiles_D.uasset" 308
"../../../../../Unreal Projects/FirstPersonShooter/Content/Assets/Textures/T_Reflection_Tiles_N.uasset" 309
"../../../../../Unreal Projects/FirstPersonShooter/Content/Assets/Material_Layers/ML_Tiles_Whole.uasset" 310
"../../../../../Unreal Projects/FirstPersonShooter/Content/Assets/Materials/M_Tiles_Wall_Mesh_Paint.uasset" 311
"../../../../../Unreal Projects/FirstPersonShooter/Content/Assets/Effects/Textures/GodRay/T_GodRay_Mask02.uasset" 312
"../../../../../Unreal Projects/FirstPersonShooter/Content/Assets/Effects/Textures/T_Clouds_01.uasset" 313
"../../../../../Unreal Projects/FirstPersonShooter/Content/Assets/Effects/Materials/GodRay/M_GodRay.uasset" 314
"../../../../../Unreal Projects/FirstPersonShooter/Content/Assets/Effects/Materials/GodRay/M_GodRay_Inst.uasset" 315
"../../../../../Unreal Projects/FirstPersonShooter/Content/Assets/Effects/Textures/Noise/T_HeatTile3_N.uasset" 316
"../../../../../Unreal Projects/FirstPersonShooter/Content/Assets/Effects/Textures/Water/T_PuddleMask.uasset" 317
"../../../../../Unreal Projects/FirstPersonShooter/Content/Assets/Effects/Textures/Water/T_PuddleN.uasset" 318
"../../../../../Unreal Projects/FirstPersonShooter/Content/Assets/Effects/Textures/Water/T_SplashDisc_N.uasset" 319
"../../../../../Unreal Projects/FirstPersonShooter/Content/Assets/Effects/Materials/Water/M_Mod_WaterFlow_DCL_Master.uasset" 320
"../../../../../Unreal Projects/FirstPersonShooter/Content/Assets/Effects/Materials/Water/M_Mod_WaterFlow_DCL_Master_Inst.uasset" 321
"../../../../../Unreal Projects/FirstPersonShooter/Content/Assets/Effects/Textures/Water/T_WallStainMask.uasset" 322
"../../../../../Unreal Projects/FirstPersonShooter/Content/Assets/Effects/Textures/Water/T_WaterStain_Wall_N.uasset" 323
"../../../../../Unreal Projects/FirstPersonShooter/Content/Assets/Effects/Materials/Water/M_Mod_WaterFlow_DCL_Wall2_Inst.uasset" 324
"../../../../../Unreal Projects/FirstPersonShooter/Content/Assets/Effects/Materials/Water/M_Mod_WaterFlow_DCL_Wall_Inst.uasset" 325
"../../../../../Unreal Projects/FirstPersonShooter/Content/Assets/Materials/M_Decals_Inst1.uasset" 326
"../../../../../Unreal Projects/FirstPersonShooter/Content/Assets/Materials/M_Decals_Inst2.uasset" 327
"../../../../../Unreal Projects/FirstPersonShooter/Content/Assets/Materials/M_Decals_Inst3.uasset" 328
"../../../Engine/Content/MapTemplates/Sky/T_Sky_Stars.uasset" 329
"../../../Engine/Content/MapTemplates/Sky/T_UDK_Sky_CloudMask01_N.uasset" 330
"../../../Engine/Content/MapTemplates/T_UDK_Sky_CloudMask03.uasset" 331
"../../../Engine/Content/MapTemplates/Sky/M_Procedural_Sky_MASTER02.uasset" 332
"../../../../../Unreal Projects/FirstPersonShooter/Content/Assets/Materials/M_Procedural_Sky_Morning.uasset" 333
"../../../Engine/Content/MapTemplates/lut/LUT_Morning.uasset" 334
"../../../Engine/Content/MapTemplates/Sky/SM_SkySphere.uasset" 335
"../../../../../Unreal Projects/FirstPersonShooter/Content/Assets/Audio/water_drips_att.uasset" 336
"../../../../../Unreal Projects/FirstPersonShooter/Content/Assets/Audio/pipe_water_spray_01.uasset" 337
"../../../../../Unreal Projects/FirstPersonShooter/Content/Assets/Audio/Master.uasset" 338
"../../../../../Unreal Projects/FirstPersonShooter/Content/Assets/Audio/Music.uasset" 339
"../../../../../Unreal Projects/FirstPersonShooter/Content/Assets/Audio/reflections_music_rev1.uasset" 340
"../../../../../Unreal Projects/FirstPersonShooter/Content/Assets/Audio/Reflections_Music_Cue.uasset" 341
"../../../../../Unreal Projects/FirstPersonShooter/Content/Assets/Audio/Reflections_Reverb.uasset" 342
"../../../../../Unreal Projects/FirstPersonShooter/Content/Assets/Audio/reflect_spark_01.uasset" 343
"../../../../../Unreal Projects/FirstPersonShooter/Content/Assets/Audio/reflect_spark_02.uasset" 344
"../../../../../Unreal Projects/FirstPersonShooter/Content/Assets/Audio/reflect_spark_03.uasset" 345
"../../../../../Unreal Projects/FirstPersonShooter/Content/Assets/Audio/reflect_spark_04.uasset" 346
"../../../../../Unreal Projects/FirstPersonShooter/Content/Assets/Audio/reflect_spark_05.uasset" 347
"../../../../../Unreal Projects/FirstPersonShooter/Content/Assets/Audio/Reflections_Spark_Cue.uasset" 348
"../../../../../Unreal Projects/FirstPersonShooter/Content/Assets/Audio/spark_tail_01.uasset" 349
"../../../../../Unreal Projects/FirstPersonShooter/Content/Assets/Audio/spark_tail_02.uasset" 350
"../../../../../Unreal Projects/FirstPersonShooter/Content/Assets/Audio/spark_tail_03.uasset" 351
"../../../../../Unreal Projects/FirstPersonShooter/Content/Assets/Audio/spark_tail_04.uasset" 352
"../../../../../Unreal Projects/FirstPersonShooter/Content/Assets/Audio/Reflections_SparkTail_Cue.uasset" 353
"../../../../../Unreal Projects/FirstPersonShooter/Content/Assets/Audio/steam_pipe_01.uasset" 354
"../../../../../Unreal Projects/FirstPersonShooter/Content/Assets/Audio/subway_loop.uasset" 355
"../../../../../Unreal Projects/FirstPersonShooter/Content/Assets/Audio/water_drips_01.uasset" 356
"../../../../../Unreal Projects/FirstPersonShooter/Content/Assets/Audio/water_drips_01b.uasset" 357
"../../../../../Unreal Projects/FirstPersonShooter/Content/Assets/Audio/water_drips_02a.uasset" 358
"../../../../../Unreal Projects/FirstPersonShooter/Content/Assets/Audio/water_drips_03.uasset" 359
"../../../../../Unreal Projects/FirstPersonShooter/Content/Assets/Effects/Meshes/GodRay/SM_GodRay.uasset" 360
"../../../Engine/Content/Functions/Engine_MaterialFunctions01/Gradient/RadialGradient.uasset" 361
"../../../../../Unreal Projects/FirstPersonShooter/Content/Assets/Effects/Textures/T_SmokeBall_03_Perlin.uasset" 362
"../../../../../Unreal Projects/FirstPersonShooter/Content/Assets/Effects/Materials/Dust/M_Dust_Flicker.uasset" 363
"../../../../../Unreal Projects/FirstPersonShooter/Content/Assets/Effects/Vectors/VF_Tunnel_Movement_2_100.uasset" 364
"../../../../../Unreal Projects/FirstPersonShooter/Content/Assets/Effects/Particles/Dust/PGPU_Dust_Vec_Large.uasset" 365
"../../../../../Unreal Projects/FirstPersonShooter/Content/Assets/Effects/Textures/Fire/T_FireSubUV_11X11_32.uasset" 366
"../../../../../Unreal Projects/FirstPersonShooter/Content/Assets/Effects/Textures/Noise/T_TilingNoise16.uasset" 367
"../../../../../Unreal Projects/FirstPersonShooter/Content/Assets/Effects/Materials/Fire/M_Fire_SubUV_11X11_Noise.uasset" 368
"../../../../../Unreal Projects/FirstPersonShooter/Content/Assets/Effects/Materials/Fire/M_HeatDistort.uasset" 369
"../../../Engine/Content/Functions/Engine_MaterialFunctions01/Gradient/LinearGradient.uasset" 370
"../../../Engine/Content/Functions/Engine_MaterialFunctions01/Gradient/DiamondGradient.uasset" 371
"../../../../../Unreal Projects/FirstPersonShooter/Content/Assets/Effects/Textures/Flares/T_FlareRound_Noise.uasset" 372
"../../../../../Unreal Projects/FirstPersonShooter/Content/Assets/Effects/Materials/Flares/M_FlareRound.uasset" 373
"../../../../../Unreal Projects/FirstPersonShooter/Content/Assets/Effects/Textures/Noise/T_TilingNoise03.uasset" 374
"../../../../../Unreal Projects/FirstPersonShooter/Content/Assets/Effects/Textures/Snow/T_Snow01_Packed.uasset" 375
"../../../../../Unreal Projects/FirstPersonShooter/Content/Assets/Effects/Materials/Sparks/M_Spark_VelocityLerp.uasset" 376
"../../../../../Unreal Projects/FirstPersonShooter/Content/Assets/Effects/Particles/Fire/P_TrashFire.uasset" 377
"../../../../../Unreal Projects/FirstPersonShooter/Content/Assets/Effects/Materials/Fire/M_HeatDistort_Inst.uasset" 378
"../../../../../Unreal Projects/FirstPersonShooter/Content/Assets/Effects/Particles/Heat/P_Heat.uasset" 379
"../../../../../Unreal Projects/FirstPersonShooter/Content/Assets/Effects/Textures/Smoke/T_SmokeSubUV_8X8_02.uasset" 380
"../../../../../Unreal Projects/FirstPersonShooter/Content/Assets/Effects/Textures/Smoke/T_TilingClouds_01.uasset" 381
"../../../../../Unreal Projects/FirstPersonShooter/Content/Assets/Effects/Materials/Snow/M_Snow_Blowing_Lit.uasset" 382
"../../../../../Unreal Projects/FirstPersonShooter/Content/Assets/Effects/Particles/Spark/P_SparkBurst.uasset" 383
"../../../../../Unreal Projects/FirstPersonShooter/Content/Assets/Effects/Particles/Volumetric/P_Mist_Lit_Still.uasset" 384
"../../../../../Unreal Projects/FirstPersonShooter/Content/Assets/Effects/Particles/Volumetric/P_SteamRising.uasset" 385
"../../../../../Unreal Projects/FirstPersonShooter/Content/Assets/Effects/Textures/Cube/T_HallwayCube_Hack.uasset" 386
"../../../../../Unreal Projects/FirstPersonShooter/Content/Assets/Effects/Textures/Water/T_Droplets_LitShaded_D.uasset" 387
"../../../../../Unreal Projects/FirstPersonShooter/Content/Assets/Effects/Textures/Water/T_Droplets_N.uasset" 388
"../../../../../Unreal Projects/FirstPersonShooter/Content/Assets/Effects/Materials/Water/M_ParticleWater_MASTER.uasset" 389
"../../../../../Unreal Projects/FirstPersonShooter/Content/Assets/Effects/Textures/Water/T_DropSubUV_A.uasset" 390
"../../../../../Unreal Projects/FirstPersonShooter/Content/Assets/Effects/Textures/Water/T_DropSubUV_N.uasset" 391
"../../../../../Unreal Projects/FirstPersonShooter/Content/Assets/Effects/Materials/Water/M_ParticleWater_DropSubUV_Inst.uasset" 392
"../../../../../Unreal Projects/FirstPersonShooter/Content/Assets/Effects/Materials/Water/M_ParticleWater_MASTER_Inst.uasset" 393
"../../../../../Unreal Projects/FirstPersonShooter/Content/Assets/Effects/Textures/Water/T_SplashDisc_A.uasset" 394
"../../../../../Unreal Projects/FirstPersonShooter/Content/Assets/Effects/Textures/Water/T_SplashMesh_02_N.uasset" 395
"../../../../../Unreal Projects/FirstPersonShooter/Content/Assets/Textures/T_Environment_Materials_Wet_FluidNormal02.uasset" 396
"../../../../../Unreal Projects/FirstPersonShooter/Content/Assets/Effects/Materials/Water/M_MeshEmitWater_MASTER.uasset" 397
"../../../../../Unreal Projects/FirstPersonShooter/Content/Assets/Effects/Materials/Water/M_SplashDisc_Inst.uasset" 398
"../../../../../Unreal Projects/FirstPersonShooter/Content/Assets/Effects/Meshes/Water/SM_SplashDisc.uasset" 399
"../../../../../Unreal Projects/FirstPersonShooter/Content/Assets/Effects/Particles/Water/P_Droplets_AnimStream.uasset" 400
"../../../../../Unreal Projects/FirstPersonShooter/Content/Assets/Effects/Particles/Water/P_Droplets_LightCans.uasset" 401
"../../../../../Unreal Projects/FirstPersonShooter/Content/Assets/Effects/Materials/Water/M_OuterSplash_Inst.uasset" 402
"../../../../../Unreal Projects/FirstPersonShooter/Content/Assets/Effects/Materials/Water/M_ParticleWater_GPU_MASTER.uasset" 403
"../../../../../Unreal Projects/FirstPersonShooter/Content/Assets/Effects/Materials/Water/M_ParticleWater_GPU_MASTER_Inst.uasset" 404
"../../../../../Unreal Projects/FirstPersonShooter/Content/Assets/Effects/Meshes/Water/SM_SplashMesh_02.uasset" 405
"../../../../../Unreal Projects/FirstPersonShooter/Content/Assets/Effects/Particles/Water/P_LeakSplash.uasset" 406
"../../../../../Unreal Projects/FirstPersonShooter/Content/Assets/Effects/Materials/Water/M_Water_Test_01.uasset" 407
"../../../../../Unreal Projects/FirstPersonShooter/Content/Assets/Effects/Textures/Water/T_SplashBase_N.uasset" 408
"../../../../../Unreal Projects/FirstPersonShooter/Content/Assets/Effects/Materials/Water/M_SplashBase_Inst.uasset" 409
"../../../../../Unreal Projects/FirstPersonShooter/Content/Assets/Effects/Meshes/Water/SM_SplashBase_01.uasset" 410
"../../../../../Unreal Projects/FirstPersonShooter/Content/Assets/Effects/Particles/Water/P_LeakSplash_Dir.uasset" 411
"../../../../../Unreal Projects/FirstPersonShooter/Content/Assets/Effects/Particles/Water/P_SprayLeak.uasset" 412
"../../../../../Unreal Projects/FirstPersonShooter/Content/Assets/Mesh/occluder.uasset" 413
"../../../../../Unreal Projects/FirstPersonShooter/Content/Assets/Mesh/SM_Hallway_Ceiling_Slat_600.uasset" 414
"../../../../../Unreal Projects/FirstPersonShooter/Content/Assets/Mesh/SM_Hallway_Floor_600.uasset" 415
"../../../../../Unreal Projects/FirstPersonShooter/Content/Assets/Textures/T_Hallway_Gate_M.uasset" 416
"../../../../../Unreal Projects/FirstPersonShooter/Content/Assets/Textures/T_Hallway_Gate_N.uasset" 417
"../../../../../Unreal Projects/FirstPersonShooter/Content/Assets/Materials/M_Gate.uasset" 418
"../../../../../Unreal Projects/FirstPersonShooter/Content/Assets/Mesh/SM_Hallway_Gate01.uasset" 419
"../../../../../Unreal Projects/FirstPersonShooter/Content/Assets/Materials/M_Signs_Inst.uasset" 420
"../../../../../Unreal Projects/FirstPersonShooter/Content/Assets/Mesh/SM_Hallway_Gate02.uasset" 421
"../../../Engine/Content/Functions/Engine_MaterialFunctions01/ImageAdjustment/CheapContrast.uasset" 422
"../../../Engine/Content/Functions/MaterialLayerFunctions/MatLayerBlend_ModulateRoughness.uasset" 423
"../../../Engine/Content/Functions/MaterialLayerFunctions/MatLayerBlend_NormalFlatten.uasset" 424
"../../../../../Unreal Projects/FirstPersonShooter/Content/Assets/Materials/M_Metal_Base01.uasset" 425
"../../../../../Unreal Projects/FirstPersonShooter/Content/Assets/Mesh/SM_Hallway_Handrail.uasset" 426
"../../../../../Unreal Projects/FirstPersonShooter/Content/Assets/Mesh/SM_Hallway_Handrail_Start_600.uasset" 427
"../../../../../Unreal Projects/FirstPersonShooter/Content/Assets/Materials/M_Mirror.uasset" 428
"../../../../../Unreal Projects/FirstPersonShooter/Content/Assets/Materials/M_Poster_Trim.uasset" 429
"../../../../../Unreal Projects/FirstPersonShooter/Content/Assets/Mesh/SM_Hallway_Mirror01.uasset" 430
"../../../../../Unreal Projects/FirstPersonShooter/Content/Assets/Mesh/SM_Hallway_Mirror_Sphere.uasset" 431
"../../../../../Unreal Projects/FirstPersonShooter/Content/Assets/Mesh/SM_Hallway_Mirror_Sphere_Corner.uasset" 432
"../../../../../Unreal Projects/FirstPersonShooter/Content/Assets/Mesh/SM_Hallway_Outlet01.uasset" 433
"../../../../../Unreal Projects/FirstPersonShooter/Content/Assets/Mesh/SM_Hallway_Outlet02.uasset" 434
"../../../../../Unreal Projects/FirstPersonShooter/Content/Assets/Mesh/SM_Hallway_Pillar01.uasset" 435
"../../../../../Unreal Projects/FirstPersonShooter/Content/Assets/Mesh/SM_Hallway_Pillar02.uasset" 436
"../../../../../Unreal Projects/FirstPersonShooter/Content/Assets/Mesh/SM_Hallway_Pipe01_100.uasset" 437
"../../../../../Unreal Projects/FirstPersonShooter/Content/Assets/Mesh/SM_Hallway_Pipe01_100_Bent_90Tight.uasset" 438
"../../../../../Unreal Projects/FirstPersonShooter/Content/Assets/Textures/T_Clamp_M.uasset" 439
"../../../../../Unreal Projects/FirstPersonShooter/Content/Assets/Textures/T_Clamp_N.uasset" 440
"../../../../../Unreal Projects/FirstPersonShooter/Content/Assets/Textures/T_Metal_Rust_Blends_02_M.uasset" 441
"../../../../../Unreal Projects/FirstPersonShooter/Content/Assets/Materials/M_Pipe_Clamps.uasset" 442
"../../../../../Unreal Projects/FirstPersonShooter/Content/Assets/Mesh/SM_Hallway_Pipe_Clamp01.uasset" 443
"../../../../../Unreal Projects/FirstPersonShooter/Content/Assets/Materials/M_Pipes_Small.uasset" 444
"../../../../../Unreal Projects/FirstPersonShooter/Content/Assets/Mesh/SM_Hallway_Pipe_Small_300.uasset" 445
"../../../../../Unreal Projects/FirstPersonShooter/Content/Assets/Mesh/SM_Hallway_Pipe_Small_90.uasset" 446
"../../../../../Unreal Projects/FirstPersonShooter/Content/Assets/Mesh/SM_Hallway_Pipe_TJunction.uasset" 447
"../../../../../Unreal Projects/FirstPersonShooter/Content/Assets/Textures/T_Painted_Metal_02_D.uasset" 448
"../../../../../Unreal Projects/FirstPersonShooter/Content/Assets/Textures/T_White_Painted_Metal_N.uasset" 449
"../../../../../Unreal Projects/FirstPersonShooter/Content/Assets/Material_Layers/ML_Valve.uasset" 450
"../../../../../Unreal Projects/FirstPersonShooter/Content/Assets/Textures/T_Pipe_Valves_01_M.uasset" 451
"../../../../../Unreal Projects/FirstPersonShooter/Content/Assets/Textures/T_Pipe_Valves_01_N.uasset" 452
"../../../../../Unreal Projects/FirstPersonShooter/Content/Assets/Materials/M_Pipe_Valve_01.uasset" 453
"../../../../../Unreal Projects/FirstPersonShooter/Content/Assets/Textures/T_Pipe_Valves_02_M.uasset" 454
"../../../../../Unreal Projects/FirstPersonShooter/Content/Assets/Textures/T_Pipe_Valves_02_N.uasset" 455
"../../../../../Unreal Projects/FirstPersonShooter/Content/Assets/Materials/M_Pipe_Valve_02.uasset" 456
"../../../../../Unreal Projects/FirstPersonShooter/Content/Assets/Mesh/SM_Hallway_Pipe_Valve.uasset" 457
"../../../../../Unreal Projects/FirstPersonShooter/Content/Assets/Textures/T_PipeCap_N.uasset" 458
"../../../../../Unreal Projects/FirstPersonShooter/Content/Assets/Materials/M_Pipecap_Yellow.uasset" 459
"../../../../../Unreal Projects/FirstPersonShooter/Content/Assets/Mesh/SM_Hallway_PipeCap_Top.uasset" 460
"../../../../../Unreal Projects/FirstPersonShooter/Content/Assets/Mesh/SM_Hallway_Poster01.uasset" 461
"../../../../../Unreal Projects/FirstPersonShooter/Content/Assets/Mesh/SM_Hallway_Poster02.uasset" 462
"../../../../../Unreal Projects/FirstPersonShooter/Content/Assets/Mesh/SM_Hallway_Poster03.uasset" 463
"../../../../../Unreal Projects/FirstPersonShooter/Content/Assets/Mesh/SM_Hallway_Poster04.uasset" 464
"../../../../../Unreal Projects/FirstPersonShooter/Content/Assets/Mesh/SM_Hallway_Poster05.uasset" 465
"../../../../../Unreal Projects/FirstPersonShooter/Content/Assets/Mesh/SM_Hallway_Poster06.uasset" 466
"../../../../../Unreal Projects/FirstPersonShooter/Content/Assets/Mesh/SM_Hallway_Poster07.uasset" 467
"../../../../../Unreal Projects/FirstPersonShooter/Content/Assets/Mesh/SM_Hallway_Poster08.uasset" 468
"../../../../../Unreal Projects/FirstPersonShooter/Content/Assets/Mesh/SM_Hallway_Stairs_300.uasset" 469
"../../../../../Unreal Projects/FirstPersonShooter/Content/Assets/Mesh/SM_Hallway_Tiles_Broken01.uasset" 470
"../../../../../Unreal Projects/FirstPersonShooter/Content/Assets/Mesh/SM_Hallway_Tiles_Broken02.uasset" 471
"../../../../../Unreal Projects/FirstPersonShooter/Content/Assets/Mesh/SM_Hallway_Tiles_Broken03.uasset" 472
"../../../../../Unreal Projects/FirstPersonShooter/Content/Assets/Textures/T_Trashbag_N.uasset" 473
"../../../../../Unreal Projects/FirstPersonShooter/Content/Assets/Materials/M_Trashbag.uasset" 474
"../../../../../Unreal Projects/FirstPersonShooter/Content/Assets/Mesh/SM_Hallway_Trashbag.uasset" 475
"../../../../../Unreal Projects/FirstPersonShooter/Content/Assets/Textures/T_Hallway_Trashcan_M.uasset" 476
"../../../../../Unreal Projects/FirstPersonShooter/Content/Assets/Textures/T_Hallway_Trashcan_N.uasset" 477
"../../../../../Unreal Projects/FirstPersonShooter/Content/Assets/Materials/M_Trashcan.uasset" 478
"../../../../../Unreal Projects/FirstPersonShooter/Content/Assets/Mesh/SM_Hallway_Trashcan01.uasset" 479
"../../../../../Unreal Projects/FirstPersonShooter/Content/Assets/Mesh/SM_Hallway_Wall_450_Closed.uasset" 480
"../../../../../Unreal Projects/FirstPersonShooter/Content/Assets/Mesh/SM_Hallway_Wall_600.uasset" 481
"../../../../../Unreal Projects/FirstPersonShooter/Content/Assets/Mesh/SM_Hallway_Wall_Corner_Inner_Curved_600.uasset" 482
"../../../../../Unreal Projects/FirstPersonShooter/Content/Assets/Mesh/SM_Hallway_Wall_Corner_Outer_Curved_300.uasset" 483
"../../../../../Unreal Projects/FirstPersonShooter/Content/Assets/Mesh/SM_Hallway_Wall_Corner_Outer_Curved_600.uasset" 484
"../../../../../Unreal Projects/FirstPersonShooter/Content/Assets/Mesh/SM_Light_Fluorescent_01.uasset" 485
"../../../../../Unreal Projects/FirstPersonShooter/Content/Assets/Mesh/SM_Light_Fluorescent_Hanging_01.uasset" 486
"../../../../../Unreal Projects/FirstPersonShooter/Content/Assets/Mesh/SM_Light_Fluorescent_Hanging_01a.uasset" 487
"../../../../../Unreal Projects/FirstPersonShooter/Content/Maps/Reflections.umap" 488
"../../../../../Unreal Projects/FirstPersonShooter/Content/FirstPerson/Character/Mesh/SK_Mannequin_Arms_Skeleton.uasset" 489
"../../../../../Unreal Projects/FirstPersonShooter/Content/FirstPerson/Animations/FirstPerson_Idle.uasset" 490
"../../../../../Unreal Projects/FirstPersonShooter/Content/FirstPerson/Animations/FirstPerson_JumpEnd.uasset" 491
"../../../../../Unreal Projects/FirstPersonShooter/Content/FirstPerson/Animations/FirstPerson_JumpLoop.uasset" 492
"../../../../../Unreal Projects/FirstPersonShooter/Content/FirstPerson/Animations/FirstPerson_JumpStart.uasset" 493
"../../../../../Unreal Projects/FirstPersonShooter/Content/FirstPerson/Animations/FirstPerson_Run.uasset" 494
"../../../../../Unreal Projects/FirstPersonShooter/Content/FirstPerson/Animations/FirstPerson_AnimBP.uasset" 495
"../../../../../Unreal Projects/FirstPersonShooter/Content/FirstPerson/Animations/FirstPerson_Fire.uasset" 496
"../../../../../Unreal Projects/FirstPersonShooter/Content/FirstPerson/Animations/FirstPersonFire_Montage.uasset" 497
"../../../../../Unreal Projects/FirstPersonShooter/Content/FirstPerson/Meshes/BaseMaterial.uasset" 498
"../../../../../Unreal Projects/FirstPersonShooter/Content/FirstPerson/Meshes/FirstPersonProjectileMaterial.uasset" 499
"../../../../../Unreal Projects/FirstPersonShooter/Content/FirstPerson/Meshes/FirstPersonProjectileMesh.uasset" 500
"../../../../../Unreal Projects/FirstPersonShooter/Content/FirstPersonCPP/Blueprints/FirstPersonProjectile.uasset" 501
"../../../../../Unreal Projects/FirstPersonShooter/Content/FirstPerson/Audio/FirstPersonTemplateWeaponFire02.uasset" 502
"../../../../../Unreal Projects/FirstPersonShooter/Content/FirstPerson/Character/Materials/MaterialLayers/T_ML_Rubber_Blue_01_D.uasset" 503
"../../../../../Unreal Projects/FirstPersonShooter/Content/FirstPerson/Character/Materials/MaterialLayers/T_ML_Rubber_Blue_01_N.uasset" 504
"../../../../../Unreal Projects/FirstPersonShooter/Content/FirstPerson/Character/Materials/MaterialLayers/ML_GlossyBlack_Latex_UE4.uasset" 505
"../../../../../Unreal Projects/FirstPersonShooter/Content/FirstPerson/Character/Materials/MaterialLayers/ML_Plastic_Shiny_Beige.uasset" 506
"../../../../../Unreal Projects/FirstPersonShooter/Content/FirstPerson/Character/Materials/MaterialLayers/ML_Plastic_Shiny_Beige_LOGO.uasset" 507
"../../../../../Unreal Projects/FirstPersonShooter/Content/FirstPerson/Character/Materials/MaterialLayers/T_ML_Aluminum01.uasset" 508
"../../../../../Unreal Projects/FirstPersonShooter/Content/FirstPerson/Character/Materials/MaterialLayers/T_ML_Aluminum01_N.uasset" 509
"../../../../../Unreal Projects/FirstPersonShooter/Content/FirstPerson/Character/Materials/MaterialLayers/ML_SoftMetal_UE4.uasset" 510
"../../../../../Unreal Projects/FirstPersonShooter/Content/FirstPerson/Character/Textures/UE4_Mannequin__normals.uasset" 511
"../../../../../Unreal Projects/FirstPersonShooter/Content/FirstPerson/Character/Textures/UE4_Mannequin_MAT_MASKA.uasset" 512
"../../../../../Unreal Projects/FirstPersonShooter/Content/FirstPerson/Character/Materials/M_UE4Man_Body.uasset" 513
"../../../../../Unreal Projects/FirstPersonShooter/Content/FirstPerson/Character/Mesh/SK_Mannequin_Arms_PhysicsAsset.uasset" 514
"../../../../../Unreal Projects/FirstPersonShooter/Content/FirstPerson/Character/Mesh/SK_Mannequin_Arms.uasset" 515
"../../../../../Unreal Projects/FirstPersonShooter/Content/FirstPersonCPP/Blueprints/FirstPersonCharacter.uasset" 516
"../../../Engine/Content/EngineSky/C_Sky_Cloud_Color.uasset" 517
"../../../Engine/Content/EngineSky/C_Sky_Horizon_Color.uasset" 518
"../../../Engine/Content/EngineSky/C_Sky_Zenith_Color.uasset" 519
"../../../Engine/Content/EngineSky/T_Sky_Blue.uasset" 520
"../../../Engine/Content/EngineSky/T_Sky_Clouds_M.uasset" 521
"../../../Engine/Content/EngineSky/T_Sky_Stars.uasset" 522
"../../../Engine/Content/EngineSky/M_Sky_Panning_Clouds2.uasset" 523
"../../../Engine/Content/EngineSky/SM_SkySphere.uasset" 524
"../../../Engine/Content/EngineSky/BP_Sky_Sphere.uasset" 525
"../../../../../Unreal Projects/FirstPersonShooter/Content/NavArea_Birds.uasset" 526
"../../../../../Unreal Projects/FirstPersonShooter/Content/FirstPersonCPP/Maps/FirstPersonExampleMap_BuiltData.uasset" 527
"../../../Engine/Content/Functions/Engine_MaterialFunctions03/Procedurals/ComputeFilterWidth.uasset" 528
"../../../Engine/Content/EngineMaterials/AntiAliasedTextMaterialTranslucent.uasset" 529
"../../../../../Unreal Projects/FirstPersonShooter/Content/FirstPerson/Meshes/CubeMaterialOverride.uasset" 530
"../../../../../Unreal Projects/FirstPersonShooter/Content/Geometry/Meshes/CubeMaterial.uasset" 531
"../../../../../Unreal Projects/FirstPersonShooter/Content/Geometry/Meshes/1M_Cube.uasset" 532
"../../../../../Unreal Projects/FirstPersonShooter/Content/FirstPersonCPP/Maps/FirstPersonExampleMap.umap" 533
"../../../../../Unreal Projects/FirstPersonShooter/Content/ThirdPersonCPP/Maps/ThirdPersonExampleMap_BuiltData.uasset" 534
"../../../../../Unreal Projects/FirstPersonShooter/Content/Geometry/Meshes/1M_Cube_Chamfer.uasset" 535
"../../../../../Unreal Projects/FirstPersonShooter/Content/Geometry/Meshes/TemplateFloor.uasset" 536
"../../../../../Unreal Projects/FirstPersonShooter/Content/ThirdPerson/Meshes/RampMaterial.uasset" 537
"../../../../../Unreal Projects/FirstPersonShooter/Content/ThirdPerson/Meshes/Bump_StaticMesh.uasset" 538
"../../../../../Unreal Projects/FirstPersonShooter/Content/ThirdPerson/Meshes/LeftArm_StaticMesh.uasset" 539
"../../../../../Unreal Projects/FirstPersonShooter/Content/ThirdPerson/Meshes/Linear_Stair_StaticMesh.uasset" 540
"../../../../../Unreal Projects/FirstPersonShooter/Content/ThirdPerson/Meshes/Ramp_StaticMesh.uasset" 541
"../../../../../Unreal Projects/FirstPersonShooter/Content/ThirdPerson/Meshes/RightArm_StaticMesh.uasset" 542
"../../../../../Unreal Projects/FirstPersonShooter/Content/ThirdPersonCPP/Maps/ThirdPersonExampleMap.umap" 543
"../../../Engine/Content/Maps/Entry_BuiltData.uasset" 544
"../../../Engine/Content/Maps/Entry.umap" 545
